<?xml version="1.0" encoding="UTF-8"?>
<!-- Generated by org.testng.reporters.JUnitReportReporter -->
<testsuite hostname="DESKTOP-I4B1JCG" failures="0" tests="1" name="ATTestLayer.LoginTest" time="8.824" errors="0" timestamp="2023-05-03T16:41:27 IST" skipped="0">
  <testcase classname="ATTestLayer.LoginTest" name="LoginWithValid" time="8.824"/>
  <system-out/>
</testsuite> <!-- ATTestLayer.LoginTest -->
