<?xml version="1.0" encoding="UTF-8"?>
<!-- Generated by org.testng.reporters.JUnitReportReporter -->
<testsuite hostname="DESKTOP-I4B1JCG" failures="0" tests="1" name="com.atTestBase.TestBase" time="14.394" errors="0" timestamp="2023-02-16T14:18:42 IST" skipped="0">
  <testcase classname="com.atTestBase.TestBase" name="setup" time="14.394"/>
  <system-out/>
</testsuite> <!-- com.atTestBase.TestBase -->
