<?xml version="1.0" encoding="UTF-8"?>
<!-- Generated by org.testng.reporters.JUnitReportReporter -->
<testsuite hostname="DESKTOP-I4B1JCG" failures="0" tests="7" name="annotationpractice.KeywordClass2" time="0.083" errors="0" timestamp="2023-02-03T20:19:35 IST" skipped="1">
  <testcase classname="annotationpractice.KeywordClass2" name="pu5" time="0.003"/>
  <system-out/>
  <testcase classname="annotationpractice.KeywordClass2" name="pu3" time="0.024"/>
  <system-out/>
  <testcase classname="annotationpractice.KeywordClass2" name="pu6" time="0.044"/>
  <system-out/>
  <testcase classname="annotationpractice.KeywordClass2" name="pu2" time="0.004"/>
  <system-out/>
  <testcase classname="annotationpractice.KeywordClass2" name="pu2" time="0.004"/>
  <system-out/>
  <testcase classname="annotationpractice.KeywordClass2" name="pu1" time="0.004"/>
  <system-out/>
  <testcase classname="annotationpractice.KeywordClass2" name="pu4">
    <skipped/>
  </testcase> <!-- pu4 -->
  <system-out/>
</testsuite> <!-- annotationpractice.KeywordClass2 -->
