<?xml version="1.0" encoding="UTF-8"?>
<!-- Generated by org.testng.reporters.JUnitReportReporter -->
<testsuite hostname="DESKTOP-I4B1JCG" failures="0" tests="2" name="ATTestLayer.HomeTestPage" time="142.887" errors="0" timestamp="2023-06-30T08:44:47 IST" skipped="0">
  <testcase classname="ATTestLayer.HomeTestPage" name="ToVerifySlider" time="43.536"/>
  <system-out/>
  <testcase classname="ATTestLayer.HomeTestPage" name="ToverifyNewArrivals" time="99.351"/>
  <system-out/>
</testsuite> <!-- ATTestLayer.HomeTestPage -->
