<?xml version="1.0" encoding="UTF-8"?>
<!-- Generated by org.testng.reporters.JUnitReportReporter -->
<testsuite hostname="DESKTOP-I4B1JCG" failures="0" tests="2" name="annotationpractice.Annotation1" time="0.035" errors="0" timestamp="2023-01-20T18:38:51 IST" skipped="0">
  <testcase classname="annotationpractice.Annotation1" name="test1" time="0.025"/>
  <system-out/>
  <testcase classname="annotationpractice.Annotation1" name="test2" time="0.010"/>
  <system-out/>
</testsuite> <!-- annotationpractice.Annotation1 -->
