<?xml version="1.0" encoding="UTF-8"?>
<!-- Generated by org.testng.reporters.JUnitReportReporter -->
<testsuite hostname="DESKTOP-I4B1JCG" failures="0" tests="5" name="annotationpractice.keywordAnnotation2" time="0.040" errors="0" timestamp="2023-02-03T19:42:42 IST" skipped="0">
  <testcase classname="annotationpractice.keywordAnnotation2" name="abc" time="0.024"/>
  <system-out/>
  <testcase classname="annotationpractice.keywordAnnotation2" name="def" time="0.003"/>
  <system-out/>
  <testcase classname="annotationpractice.keywordAnnotation2" name="xyz" time="0.004"/>
  <system-out/>
  <testcase classname="annotationpractice.keywordAnnotation2" name="pqr" time="0.004"/>
  <system-out/>
  <testcase classname="annotationpractice.keywordAnnotation2" name="mno" time="0.005"/>
  <system-out/>
</testsuite> <!-- annotationpractice.keywordAnnotation2 -->
